{"uuid":"7b7d29a7-0943-46ae-a0d0-f1c61e5bc9d1","historyId":"4a6ae8d9fbfe43b9bef1822a7a41963d","testCaseId":"[engine:junit-jupiter]/[class:tests.managetests.CreateTestUiTests]/[method:createTestButton_opensCreateForm()]","testCaseName":"Тесты: по клику на «Создать тест» открывается форма создания","fullName":"tests.managetests.CreateTestUiTests.createTestButton_opensCreateForm","labels":[{"name":"junit.platform.uniqueid","value":"[engine:junit-jupiter]/[class:tests.managetests.CreateTestUiTests]/[method:createTestButton_opensCreateForm()]"},{"name":"host","value":"MacBookAir.fritz.box"},{"name":"thread","value":"26967@MacBookAir.fritz.box.main(1)"},{"name":"framework","value":"junit-platform"},{"name":"language","value":"java"},{"name":"package","value":"tests.managetests.CreateTestUiTests"},{"name":"testClass","value":"tests.managetests.CreateTestUiTests"},{"name":"testMethod","value":"createTestButton_opensCreateForm"},{"name":"suite","value":"tests.managetests.CreateTestUiTests"}],"links":[],"name":"Тесты: по клику на «Создать тест» открывается форма создания","status":"broken","statusDetails":{"known":false,"muted":false,"flaky":false,"message":"Error {\n  message='Error: strict mode violation: getByText(\"Тесты\") resolved to 2 elements:\n    1) <div class=\"flex items-center px-4 py-3 text-neutral-600 hover:text-primary-600 hover:bg-primary-50 transition-colors cursor-pointer bg-primary-50 text-primary-600 font-medium\">…</div> aka getByRole(AriaRole.LINK, new Page.GetByRoleOptions().setName(\"Тесты\"))\n    2) <h1 class=\"text-2xl font-bold text-neutral-800\">Тесты</h1> aka getByRole(AriaRole.HEADING, new Page.GetByRoleOptions().setName(\"Тесты\"))\n\n  name='Error\n  stack='Error: Error: strict mode violation: getByText(\"Тесты\") resolved to 2 elements:\n    1) <div class=\"flex items-center px-4 py-3 text-neutral-600 hover:text-primary-600 hover:bg-primary-50 transition-colors cursor-pointer bg-primary-50 text-primary-600 font-medium\">…</div> aka getByRole(AriaRole.LINK, new Page.GetByRoleOptions().setName(\"Тесты\"))\n    2) <h1 class=\"text-2xl font-bold text-neutral-800\">Тесты</h1> aka getByRole(AriaRole.HEADING, new Page.GetByRoleOptions().setName(\"Тесты\"))\n\n    at CRExecutionContext.evaluateWithArguments (/private/var/folders/1x/7z9fsbhd5ws7c4nc9s5lfqyc0000gn/T/playwright-java-3143393355779517991/package/lib/server/chromium/crExecutionContext.js:80:13)\n    at async LongStandingScope._race (/private/var/folders/1x/7z9fsbhd5ws7c4nc9s5lfqyc0000gn/T/playwright-java-3143393355779517991/package/lib/utils/isomorphic/manualPromise.js:94:14)\n    at async evaluateExpression (/private/var/folders/1x/7z9fsbhd5ws7c4nc9s5lfqyc0000gn/T/playwright-java-3143393355779517991/package/lib/server/javascript.js:217:12)\n    at async Frame.isVisibleInternal (/private/var/folders/1x/7z9fsbhd5ws7c4nc9s5lfqyc0000gn/T/playwright-java-3143393355779517991/package/lib/server/frames.js:1069:14)\n    at async Frame.isVisible (/private/var/folders/1x/7z9fsbhd5ws7c4nc9s5lfqyc0000gn/T/playwright-java-3143393355779517991/package/lib/server/frames.js:1062:12)\n    at async FrameDispatcher.isVisible (/private/var/folders/1x/7z9fsbhd5ws7c4nc9s5lfqyc0000gn/T/playwright-java-3143393355779517991/package/lib/server/dispatchers/frameDispatcher.js:174:21)\n    at async ProgressController.run (/private/var/folders/1x/7z9fsbhd5ws7c4nc9s5lfqyc0000gn/T/playwright-java-3143393355779517991/package/lib/server/progress.js:139:41)\n    at async FrameDispatcher._runCommand (/private/var/folders/1x/7z9fsbhd5ws7c4nc9s5lfqyc0000gn/T/playwright-java-3143393355779517991/package/lib/server/dispatchers/dispatcher.js:91:14)\n    at async DispatcherConnection.dispatch (/private/var/folders/1x/7z9fsbhd5ws7c4nc9s5lfqyc0000gn/T/playwright-java-3143393355779517991/package/lib/server/dispatchers/dispatcher.js:322:22)\n}\nCall log:\n-     - checking visibility of getByText(\"Тесты\")\n","trace":"com.microsoft.playwright.PlaywrightException: Error {\n  message='Error: strict mode violation: getByText(\"Тесты\") resolved to 2 elements:\n    1) <div class=\"flex items-center px-4 py-3 text-neutral-600 hover:text-primary-600 hover:bg-primary-50 transition-colors cursor-pointer bg-primary-50 text-primary-600 font-medium\">…</div> aka getByRole(AriaRole.LINK, new Page.GetByRoleOptions().setName(\"Тесты\"))\n    2) <h1 class=\"text-2xl font-bold text-neutral-800\">Тесты</h1> aka getByRole(AriaRole.HEADING, new Page.GetByRoleOptions().setName(\"Тесты\"))\n\n  name='Error\n  stack='Error: Error: strict mode violation: getByText(\"Тесты\") resolved to 2 elements:\n    1) <div class=\"flex items-center px-4 py-3 text-neutral-600 hover:text-primary-600 hover:bg-primary-50 transition-colors cursor-pointer bg-primary-50 text-primary-600 font-medium\">…</div> aka getByRole(AriaRole.LINK, new Page.GetByRoleOptions().setName(\"Тесты\"))\n    2) <h1 class=\"text-2xl font-bold text-neutral-800\">Тесты</h1> aka getByRole(AriaRole.HEADING, new Page.GetByRoleOptions().setName(\"Тесты\"))\n\n    at CRExecutionContext.evaluateWithArguments (/private/var/folders/1x/7z9fsbhd5ws7c4nc9s5lfqyc0000gn/T/playwright-java-3143393355779517991/package/lib/server/chromium/crExecutionContext.js:80:13)\n    at async LongStandingScope._race (/private/var/folders/1x/7z9fsbhd5ws7c4nc9s5lfqyc0000gn/T/playwright-java-3143393355779517991/package/lib/utils/isomorphic/manualPromise.js:94:14)\n    at async evaluateExpression (/private/var/folders/1x/7z9fsbhd5ws7c4nc9s5lfqyc0000gn/T/playwright-java-3143393355779517991/package/lib/server/javascript.js:217:12)\n    at async Frame.isVisibleInternal (/private/var/folders/1x/7z9fsbhd5ws7c4nc9s5lfqyc0000gn/T/playwright-java-3143393355779517991/package/lib/server/frames.js:1069:14)\n    at async Frame.isVisible (/private/var/folders/1x/7z9fsbhd5ws7c4nc9s5lfqyc0000gn/T/playwright-java-3143393355779517991/package/lib/server/frames.js:1062:12)\n    at async FrameDispatcher.isVisible (/private/var/folders/1x/7z9fsbhd5ws7c4nc9s5lfqyc0000gn/T/playwright-java-3143393355779517991/package/lib/server/dispatchers/frameDispatcher.js:174:21)\n    at async ProgressController.run (/private/var/folders/1x/7z9fsbhd5ws7c4nc9s5lfqyc0000gn/T/playwright-java-3143393355779517991/package/lib/server/progress.js:139:41)\n    at async FrameDispatcher._runCommand (/private/var/folders/1x/7z9fsbhd5ws7c4nc9s5lfqyc0000gn/T/playwright-java-3143393355779517991/package/lib/server/dispatchers/dispatcher.js:91:14)\n    at async DispatcherConnection.dispatch (/private/var/folders/1x/7z9fsbhd5ws7c4nc9s5lfqyc0000gn/T/playwright-java-3143393355779517991/package/lib/server/dispatchers/dispatcher.js:322:22)\n}\nCall log:\n-     - checking visibility of getByText(\"Тесты\")\n\n\tat com.microsoft.playwright.impl.WaitableResult.get(WaitableResult.java:56)\n\tat com.microsoft.playwright.impl.ChannelOwner.runUntil(ChannelOwner.java:138)\n\tat com.microsoft.playwright.impl.Connection.sendMessage(Connection.java:131)\n\tat com.microsoft.playwright.impl.ChannelOwner.sendMessage(ChannelOwner.java:124)\n\tat com.microsoft.playwright.impl.FrameImpl.isVisibleImpl(FrameImpl.java:597)\n\tat com.microsoft.playwright.impl.FrameImpl.isVisible(FrameImpl.java:583)\n\tat com.microsoft.playwright.impl.LocatorImpl.isVisible(LocatorImpl.java:426)\n\tat com.microsoft.playwright.Locator.isVisible(Locator.java:4117)\n\tat pages.TestsPage.verifyTestsPageIsOpened(TestsPage.java:114)\n\tat tests.managetests.CreateTestUiTests.createTestButton_opensCreateForm(CreateTestUiTests.java:34)\n\tat java.base/java.lang.reflect.Method.invoke(Method.java:580)\n\tat java.base/java.util.ArrayList.forEach(ArrayList.java:1596)\n\tat java.base/java.util.ArrayList.forEach(ArrayList.java:1596)\nCaused by: com.microsoft.playwright.impl.DriverException: Error {\n  message='Error: strict mode violation: getByText(\"Тесты\") resolved to 2 elements:\n    1) <div class=\"flex items-center px-4 py-3 text-neutral-600 hover:text-primary-600 hover:bg-primary-50 transition-colors cursor-pointer bg-primary-50 text-primary-600 font-medium\">…</div> aka getByRole(AriaRole.LINK, new Page.GetByRoleOptions().setName(\"Тесты\"))\n    2) <h1 class=\"text-2xl font-bold text-neutral-800\">Тесты</h1> aka getByRole(AriaRole.HEADING, new Page.GetByRoleOptions().setName(\"Тесты\"))\n\n  name='Error\n  stack='Error: Error: strict mode violation: getByText(\"Тесты\") resolved to 2 elements:\n    1) <div class=\"flex items-center px-4 py-3 text-neutral-600 hover:text-primary-600 hover:bg-primary-50 transition-colors cursor-pointer bg-primary-50 text-primary-600 font-medium\">…</div> aka getByRole(AriaRole.LINK, new Page.GetByRoleOptions().setName(\"Тесты\"))\n    2) <h1 class=\"text-2xl font-bold text-neutral-800\">Тесты</h1> aka getByRole(AriaRole.HEADING, new Page.GetByRoleOptions().setName(\"Тесты\"))\n\n    at CRExecutionContext.evaluateWithArguments (/private/var/folders/1x/7z9fsbhd5ws7c4nc9s5lfqyc0000gn/T/playwright-java-3143393355779517991/package/lib/server/chromium/crExecutionContext.js:80:13)\n    at async LongStandingScope._race (/private/var/folders/1x/7z9fsbhd5ws7c4nc9s5lfqyc0000gn/T/playwright-java-3143393355779517991/package/lib/utils/isomorphic/manualPromise.js:94:14)\n    at async evaluateExpression (/private/var/folders/1x/7z9fsbhd5ws7c4nc9s5lfqyc0000gn/T/playwright-java-3143393355779517991/package/lib/server/javascript.js:217:12)\n    at async Frame.isVisibleInternal (/private/var/folders/1x/7z9fsbhd5ws7c4nc9s5lfqyc0000gn/T/playwright-java-3143393355779517991/package/lib/server/frames.js:1069:14)\n    at async Frame.isVisible (/private/var/folders/1x/7z9fsbhd5ws7c4nc9s5lfqyc0000gn/T/playwright-java-3143393355779517991/package/lib/server/frames.js:1062:12)\n    at async FrameDispatcher.isVisible (/private/var/folders/1x/7z9fsbhd5ws7c4nc9s5lfqyc0000gn/T/playwright-java-3143393355779517991/package/lib/server/dispatchers/frameDispatcher.js:174:21)\n    at async ProgressController.run (/private/var/folders/1x/7z9fsbhd5ws7c4nc9s5lfqyc0000gn/T/playwright-java-3143393355779517991/package/lib/server/progress.js:139:41)\n    at async FrameDispatcher._runCommand (/private/var/folders/1x/7z9fsbhd5ws7c4nc9s5lfqyc0000gn/T/playwright-java-3143393355779517991/package/lib/server/dispatchers/dispatcher.js:91:14)\n    at async DispatcherConnection.dispatch (/private/var/folders/1x/7z9fsbhd5ws7c4nc9s5lfqyc0000gn/T/playwright-java-3143393355779517991/package/lib/server/dispatchers/dispatcher.js:322:22)\n}\nCall log:\n-     - checking visibility of getByText(\"Тесты\")\n\n\tat com.microsoft.playwright.impl.Connection.dispatch(Connection.java:262)\n\tat com.microsoft.playwright.impl.Connection.processOneMessage(Connection.java:214)\n\tat com.microsoft.playwright.impl.ChannelOwner.runUntil(ChannelOwner.java:136)\n\t... 11 more\n"},"stage":"finished","description":"","steps":[{"name":"Open Tests page","status":"passed","stage":"finished","steps":[],"attachments":[],"parameters":[],"start":1758271461667,"stop":1758271462386},{"name":"Verify that Tests page is opened","status":"broken","statusDetails":{"known":false,"muted":false,"flaky":false,"message":"Error {\n  message='Error: strict mode violation: getByText(\"Тесты\") resolved to 2 elements:\n    1) <div class=\"flex items-center px-4 py-3 text-neutral-600 hover:text-primary-600 hover:bg-primary-50 transition-colors cursor-pointer bg-primary-50 text-primary-600 font-medium\">…</div> aka getByRole(AriaRole.LINK, new Page.GetByRoleOptions().setName(\"Тесты\"))\n    2) <h1 class=\"text-2xl font-bold text-neutral-800\">Тесты</h1> aka getByRole(AriaRole.HEADING, new Page.GetByRoleOptions().setName(\"Тесты\"))\n\n  name='Error\n  stack='Error: Error: strict mode violation: getByText(\"Тесты\") resolved to 2 elements:\n    1) <div class=\"flex items-center px-4 py-3 text-neutral-600 hover:text-primary-600 hover:bg-primary-50 transition-colors cursor-pointer bg-primary-50 text-primary-600 font-medium\">…</div> aka getByRole(AriaRole.LINK, new Page.GetByRoleOptions().setName(\"Тесты\"))\n    2) <h1 class=\"text-2xl font-bold text-neutral-800\">Тесты</h1> aka getByRole(AriaRole.HEADING, new Page.GetByRoleOptions().setName(\"Тесты\"))\n\n    at CRExecutionContext.evaluateWithArguments (/private/var/folders/1x/7z9fsbhd5ws7c4nc9s5lfqyc0000gn/T/playwright-java-3143393355779517991/package/lib/server/chromium/crExecutionContext.js:80:13)\n    at async LongStandingScope._race (/private/var/folders/1x/7z9fsbhd5ws7c4nc9s5lfqyc0000gn/T/playwright-java-3143393355779517991/package/lib/utils/isomorphic/manualPromise.js:94:14)\n    at async evaluateExpression (/private/var/folders/1x/7z9fsbhd5ws7c4nc9s5lfqyc0000gn/T/playwright-java-3143393355779517991/package/lib/server/javascript.js:217:12)\n    at async Frame.isVisibleInternal (/private/var/folders/1x/7z9fsbhd5ws7c4nc9s5lfqyc0000gn/T/playwright-java-3143393355779517991/package/lib/server/frames.js:1069:14)\n    at async Frame.isVisible (/private/var/folders/1x/7z9fsbhd5ws7c4nc9s5lfqyc0000gn/T/playwright-java-3143393355779517991/package/lib/server/frames.js:1062:12)\n    at async FrameDispatcher.isVisible (/private/var/folders/1x/7z9fsbhd5ws7c4nc9s5lfqyc0000gn/T/playwright-java-3143393355779517991/package/lib/server/dispatchers/frameDispatcher.js:174:21)\n    at async ProgressController.run (/private/var/folders/1x/7z9fsbhd5ws7c4nc9s5lfqyc0000gn/T/playwright-java-3143393355779517991/package/lib/server/progress.js:139:41)\n    at async FrameDispatcher._runCommand (/private/var/folders/1x/7z9fsbhd5ws7c4nc9s5lfqyc0000gn/T/playwright-java-3143393355779517991/package/lib/server/dispatchers/dispatcher.js:91:14)\n    at async DispatcherConnection.dispatch (/private/var/folders/1x/7z9fsbhd5ws7c4nc9s5lfqyc0000gn/T/playwright-java-3143393355779517991/package/lib/server/dispatchers/dispatcher.js:322:22)\n}\nCall log:\n-     - checking visibility of getByText(\"Тесты\")\n","trace":"com.microsoft.playwright.PlaywrightException: Error {\n  message='Error: strict mode violation: getByText(\"Тесты\") resolved to 2 elements:\n    1) <div class=\"flex items-center px-4 py-3 text-neutral-600 hover:text-primary-600 hover:bg-primary-50 transition-colors cursor-pointer bg-primary-50 text-primary-600 font-medium\">…</div> aka getByRole(AriaRole.LINK, new Page.GetByRoleOptions().setName(\"Тесты\"))\n    2) <h1 class=\"text-2xl font-bold text-neutral-800\">Тесты</h1> aka getByRole(AriaRole.HEADING, new Page.GetByRoleOptions().setName(\"Тесты\"))\n\n  name='Error\n  stack='Error: Error: strict mode violation: getByText(\"Тесты\") resolved to 2 elements:\n    1) <div class=\"flex items-center px-4 py-3 text-neutral-600 hover:text-primary-600 hover:bg-primary-50 transition-colors cursor-pointer bg-primary-50 text-primary-600 font-medium\">…</div> aka getByRole(AriaRole.LINK, new Page.GetByRoleOptions().setName(\"Тесты\"))\n    2) <h1 class=\"text-2xl font-bold text-neutral-800\">Тесты</h1> aka getByRole(AriaRole.HEADING, new Page.GetByRoleOptions().setName(\"Тесты\"))\n\n    at CRExecutionContext.evaluateWithArguments (/private/var/folders/1x/7z9fsbhd5ws7c4nc9s5lfqyc0000gn/T/playwright-java-3143393355779517991/package/lib/server/chromium/crExecutionContext.js:80:13)\n    at async LongStandingScope._race (/private/var/folders/1x/7z9fsbhd5ws7c4nc9s5lfqyc0000gn/T/playwright-java-3143393355779517991/package/lib/utils/isomorphic/manualPromise.js:94:14)\n    at async evaluateExpression (/private/var/folders/1x/7z9fsbhd5ws7c4nc9s5lfqyc0000gn/T/playwright-java-3143393355779517991/package/lib/server/javascript.js:217:12)\n    at async Frame.isVisibleInternal (/private/var/folders/1x/7z9fsbhd5ws7c4nc9s5lfqyc0000gn/T/playwright-java-3143393355779517991/package/lib/server/frames.js:1069:14)\n    at async Frame.isVisible (/private/var/folders/1x/7z9fsbhd5ws7c4nc9s5lfqyc0000gn/T/playwright-java-3143393355779517991/package/lib/server/frames.js:1062:12)\n    at async FrameDispatcher.isVisible (/private/var/folders/1x/7z9fsbhd5ws7c4nc9s5lfqyc0000gn/T/playwright-java-3143393355779517991/package/lib/server/dispatchers/frameDispatcher.js:174:21)\n    at async ProgressController.run (/private/var/folders/1x/7z9fsbhd5ws7c4nc9s5lfqyc0000gn/T/playwright-java-3143393355779517991/package/lib/server/progress.js:139:41)\n    at async FrameDispatcher._runCommand (/private/var/folders/1x/7z9fsbhd5ws7c4nc9s5lfqyc0000gn/T/playwright-java-3143393355779517991/package/lib/server/dispatchers/dispatcher.js:91:14)\n    at async DispatcherConnection.dispatch (/private/var/folders/1x/7z9fsbhd5ws7c4nc9s5lfqyc0000gn/T/playwright-java-3143393355779517991/package/lib/server/dispatchers/dispatcher.js:322:22)\n}\nCall log:\n-     - checking visibility of getByText(\"Тесты\")\n\n\tat com.microsoft.playwright.impl.WaitableResult.get(WaitableResult.java:56)\n\tat com.microsoft.playwright.impl.ChannelOwner.runUntil(ChannelOwner.java:138)\n\tat com.microsoft.playwright.impl.Connection.sendMessage(Connection.java:131)\n\tat com.microsoft.playwright.impl.ChannelOwner.sendMessage(ChannelOwner.java:124)\n\tat com.microsoft.playwright.impl.FrameImpl.isVisibleImpl(FrameImpl.java:597)\n\tat com.microsoft.playwright.impl.FrameImpl.isVisible(FrameImpl.java:583)\n\tat com.microsoft.playwright.impl.LocatorImpl.isVisible(LocatorImpl.java:426)\n\tat com.microsoft.playwright.Locator.isVisible(Locator.java:4117)\n\tat pages.TestsPage.verifyTestsPageIsOpened(TestsPage.java:114)\n\tat tests.managetests.CreateTestUiTests.createTestButton_opensCreateForm(CreateTestUiTests.java:34)\n\tat java.base/jdk.internal.reflect.DirectMethodHandleAccessor.invoke(DirectMethodHandleAccessor.java:103)\n\tat java.base/java.lang.reflect.Method.invoke(Method.java:580)\n\tat org.junit.platform.commons.util.ReflectionUtils.invokeMethod(ReflectionUtils.java:787)\n\tat org.junit.platform.commons.support.ReflectionSupport.invokeMethod(ReflectionSupport.java:478)\n\tat org.junit.jupiter.engine.execution.MethodInvocation.proceed(MethodInvocation.java:60)\n\tat org.junit.jupiter.engine.execution.InvocationInterceptorChain$ValidatingInvocation.proceed(InvocationInterceptorChain.java:131)\n\tat org.junit.jupiter.api.extension.InvocationInterceptor.interceptTestMethod(InvocationInterceptor.java:129)\n\tat org.junit.jupiter.engine.execution.InterceptingExecutableInvoker$ReflectiveInterceptorCall.lambda$ofVoidMethod$0(InterceptingExecutableInvoker.java:112)\n\tat org.junit.jupiter.engine.execution.InterceptingExecutableInvoker.lambda$invoke$0(InterceptingExecutableInvoker.java:94)\n\tat org.junit.jupiter.engine.execution.InvocationInterceptorChain$InterceptedInvocation.proceed(InvocationInterceptorChain.java:106)\n\tat org.junit.jupiter.engine.extension.TimeoutExtension.intercept(TimeoutExtension.java:161)\n\tat org.junit.jupiter.engine.extension.TimeoutExtension.interceptTestableMethod(TimeoutExtension.java:152)\n\tat org.junit.jupiter.engine.extension.TimeoutExtension.interceptTestMethod(TimeoutExtension.java:91)\n\tat org.junit.jupiter.engine.execution.InterceptingExecutableInvoker$ReflectiveInterceptorCall.lambda$ofVoidMethod$0(InterceptingExecutableInvoker.java:112)\n\tat org.junit.jupiter.engine.execution.InterceptingExecutableInvoker.lambda$invoke$0(InterceptingExecutableInvoker.java:94)\n\tat org.junit.jupiter.engine.execution.InvocationInterceptorChain$InterceptedInvocation.proceed(InvocationInterceptorChain.java:106)\n\tat org.junit.jupiter.engine.execution.InvocationInterceptorChain.proceed(InvocationInterceptorChain.java:64)\n\tat org.junit.jupiter.engine.execution.InvocationInterceptorChain.chainAndInvoke(InvocationInterceptorChain.java:45)\n\tat org.junit.jupiter.engine.execution.InvocationInterceptorChain.invoke(InvocationInterceptorChain.java:37)\n\tat org.junit.jupiter.engine.execution.InterceptingExecutableInvoker.invoke(InterceptingExecutableInvoker.java:93)\n\tat org.junit.jupiter.engine.execution.InterceptingExecutableInvoker.invoke(InterceptingExecutableInvoker.java:87)\n\tat org.junit.jupiter.engine.descriptor.TestMethodTestDescriptor.lambda$invokeTestMethod$4(TestMethodTestDescriptor.java:221)\n\tat org.junit.platform.engine.support.hierarchical.ThrowableCollector.execute(ThrowableCollector.java:73)\n\tat org.junit.jupiter.engine.descriptor.TestMethodTestDescriptor.invokeTestMethod(TestMethodTestDescriptor.java:217)\n\tat org.junit.jupiter.engine.descriptor.TestMethodTestDescriptor.execute(TestMethodTestDescriptor.java:159)\n\tat org.junit.jupiter.engine.descriptor.TestMethodTestDescriptor.execute(TestMethodTestDescriptor.java:70)\n\tat org.junit.platform.engine.support.hierarchical.NodeTestTask.lambda$executeRecursively$6(NodeTestTask.java:157)\n\tat org.junit.platform.engine.support.hierarchical.ThrowableCollector.execute(ThrowableCollector.java:73)\n\tat org.junit.platform.engine.support.hierarchical.NodeTestTask.lambda$executeRecursively$8(NodeTestTask.java:147)\n\tat org.junit.platform.engine.support.hierarchical.Node.around(Node.java:137)\n\tat org.junit.platform.engine.support.hierarchical.NodeTestTask.lambda$executeRecursively$9(NodeTestTask.java:145)\n\tat org.junit.platform.engine.support.hierarchical.ThrowableCollector.execute(ThrowableCollector.java:73)\n\tat org.junit.platform.engine.support.hierarchical.NodeTestTask.executeRecursively(NodeTestTask.java:144)\n\tat org.junit.platform.engine.support.hierarchical.NodeTestTask.execute(NodeTestTask.java:101)\n\tat java.base/java.util.ArrayList.forEach(ArrayList.java:1596)\n\tat org.junit.platform.engine.support.hierarchical.SameThreadHierarchicalTestExecutorService.invokeAll(SameThreadHierarchicalTestExecutorService.java:41)\n\tat org.junit.platform.engine.support.hierarchical.NodeTestTask.lambda$executeRecursively$6(NodeTestTask.java:161)\n\tat org.junit.platform.engine.support.hierarchical.ThrowableCollector.execute(ThrowableCollector.java:73)\n\tat org.junit.platform.engine.support.hierarchical.NodeTestTask.lambda$executeRecursively$8(NodeTestTask.java:147)\n\tat org.junit.platform.engine.support.hierarchical.Node.around(Node.java:137)\n\tat org.junit.platform.engine.support.hierarchical.NodeTestTask.lambda$executeRecursively$9(NodeTestTask.java:145)\n\tat org.junit.platform.engine.support.hierarchical.ThrowableCollector.execute(ThrowableCollector.java:73)\n\tat org.junit.platform.engine.support.hierarchical.NodeTestTask.executeRecursively(NodeTestTask.java:144)\n\tat org.junit.platform.engine.support.hierarchical.NodeTestTask.execute(NodeTestTask.java:101)\n\tat java.base/java.util.ArrayList.forEach(ArrayList.java:1596)\n\tat org.junit.platform.engine.support.hierarchical.SameThreadHierarchicalTestExecutorService.invokeAll(SameThreadHierarchicalTestExecutorService.java:41)\n\tat org.junit.platform.engine.support.hierarchical.NodeTestTask.lambda$executeRecursively$6(NodeTestTask.java:161)\n\tat org.junit.platform.engine.support.hierarchical.ThrowableCollector.execute(ThrowableCollector.java:73)\n\tat org.junit.platform.engine.support.hierarchical.NodeTestTask.lambda$executeRecursively$8(NodeTestTask.java:147)\n\tat org.junit.platform.engine.support.hierarchical.Node.around(Node.java:137)\n\tat org.junit.platform.engine.support.hierarchical.NodeTestTask.lambda$executeRecursively$9(NodeTestTask.java:145)\n\tat org.junit.platform.engine.support.hierarchical.ThrowableCollector.execute(ThrowableCollector.java:73)\n\tat org.junit.platform.engine.support.hierarchical.NodeTestTask.executeRecursively(NodeTestTask.java:144)\n\tat org.junit.platform.engine.support.hierarchical.NodeTestTask.execute(NodeTestTask.java:101)\n\tat org.junit.platform.engine.support.hierarchical.SameThreadHierarchicalTestExecutorService.submit(SameThreadHierarchicalTestExecutorService.java:35)\n\tat org.junit.platform.engine.support.hierarchical.HierarchicalTestExecutor.execute(HierarchicalTestExecutor.java:57)\n\tat org.junit.platform.engine.support.hierarchical.HierarchicalTestEngine.execute(HierarchicalTestEngine.java:54)\n\tat org.junit.platform.launcher.core.EngineExecutionOrchestrator.executeEngine(EngineExecutionOrchestrator.java:230)\n\tat org.junit.platform.launcher.core.EngineExecutionOrchestrator.failOrExecuteEngine(EngineExecutionOrchestrator.java:204)\n\tat org.junit.platform.launcher.core.EngineExecutionOrchestrator.execute(EngineExecutionOrchestrator.java:172)\n\tat org.junit.platform.launcher.core.EngineExecutionOrchestrator.execute(EngineExecutionOrchestrator.java:101)\n\tat org.junit.platform.launcher.core.EngineExecutionOrchestrator.lambda$execute$0(EngineExecutionOrchestrator.java:64)\n\tat org.junit.platform.launcher.core.EngineExecutionOrchestrator.withInterceptedStreams(EngineExecutionOrchestrator.java:150)\n\tat org.junit.platform.launcher.core.EngineExecutionOrchestrator.execute(EngineExecutionOrchestrator.java:63)\n\tat org.junit.platform.launcher.core.DefaultLauncher.execute(DefaultLauncher.java:109)\n\tat org.junit.platform.launcher.core.DefaultLauncher.execute(DefaultLauncher.java:91)\n\tat org.junit.platform.launcher.core.DelegatingLauncher.execute(DelegatingLauncher.java:47)\n\tat org.junit.platform.launcher.core.InterceptingLauncher.lambda$execute$1(InterceptingLauncher.java:39)\n\tat org.junit.platform.launcher.core.ClasspathAlignmentCheckingLauncherInterceptor.intercept(ClasspathAlignmentCheckingLauncherInterceptor.java:25)\n\tat org.junit.platform.launcher.core.InterceptingLauncher.execute(InterceptingLauncher.java:38)\n\tat org.junit.platform.launcher.core.DelegatingLauncher.execute(DelegatingLauncher.java:47)\n\tat org.junit.platform.launcher.core.SessionPerRequestLauncher.execute(SessionPerRequestLauncher.java:66)\n\tat com.intellij.junit5.JUnit5IdeaTestRunner.startRunnerWithArgs(JUnit5IdeaTestRunner.java:66)\n\tat com.intellij.rt.junit.IdeaTestRunner$Repeater$1.execute(IdeaTestRunner.java:38)\n\tat com.intellij.rt.execution.junit.TestsRepeater.repeat(TestsRepeater.java:11)\n\tat com.intellij.rt.junit.IdeaTestRunner$Repeater.startRunnerWithArgs(IdeaTestRunner.java:35)\n\tat com.intellij.rt.junit.JUnitStarter.prepareStreamsAndStart(JUnitStarter.java:231)\n\tat com.intellij.rt.junit.JUnitStarter.main(JUnitStarter.java:55)\nCaused by: com.microsoft.playwright.impl.DriverException: Error {\n  message='Error: strict mode violation: getByText(\"Тесты\") resolved to 2 elements:\n    1) <div class=\"flex items-center px-4 py-3 text-neutral-600 hover:text-primary-600 hover:bg-primary-50 transition-colors cursor-pointer bg-primary-50 text-primary-600 font-medium\">…</div> aka getByRole(AriaRole.LINK, new Page.GetByRoleOptions().setName(\"Тесты\"))\n    2) <h1 class=\"text-2xl font-bold text-neutral-800\">Тесты</h1> aka getByRole(AriaRole.HEADING, new Page.GetByRoleOptions().setName(\"Тесты\"))\n\n  name='Error\n  stack='Error: Error: strict mode violation: getByText(\"Тесты\") resolved to 2 elements:\n    1) <div class=\"flex items-center px-4 py-3 text-neutral-600 hover:text-primary-600 hover:bg-primary-50 transition-colors cursor-pointer bg-primary-50 text-primary-600 font-medium\">…</div> aka getByRole(AriaRole.LINK, new Page.GetByRoleOptions().setName(\"Тесты\"))\n    2) <h1 class=\"text-2xl font-bold text-neutral-800\">Тесты</h1> aka getByRole(AriaRole.HEADING, new Page.GetByRoleOptions().setName(\"Тесты\"))\n\n    at CRExecutionContext.evaluateWithArguments (/private/var/folders/1x/7z9fsbhd5ws7c4nc9s5lfqyc0000gn/T/playwright-java-3143393355779517991/package/lib/server/chromium/crExecutionContext.js:80:13)\n    at async LongStandingScope._race (/private/var/folders/1x/7z9fsbhd5ws7c4nc9s5lfqyc0000gn/T/playwright-java-3143393355779517991/package/lib/utils/isomorphic/manualPromise.js:94:14)\n    at async evaluateExpression (/private/var/folders/1x/7z9fsbhd5ws7c4nc9s5lfqyc0000gn/T/playwright-java-3143393355779517991/package/lib/server/javascript.js:217:12)\n    at async Frame.isVisibleInternal (/private/var/folders/1x/7z9fsbhd5ws7c4nc9s5lfqyc0000gn/T/playwright-java-3143393355779517991/package/lib/server/frames.js:1069:14)\n    at async Frame.isVisible (/private/var/folders/1x/7z9fsbhd5ws7c4nc9s5lfqyc0000gn/T/playwright-java-3143393355779517991/package/lib/server/frames.js:1062:12)\n    at async FrameDispatcher.isVisible (/private/var/folders/1x/7z9fsbhd5ws7c4nc9s5lfqyc0000gn/T/playwright-java-3143393355779517991/package/lib/server/dispatchers/frameDispatcher.js:174:21)\n    at async ProgressController.run (/private/var/folders/1x/7z9fsbhd5ws7c4nc9s5lfqyc0000gn/T/playwright-java-3143393355779517991/package/lib/server/progress.js:139:41)\n    at async FrameDispatcher._runCommand (/private/var/folders/1x/7z9fsbhd5ws7c4nc9s5lfqyc0000gn/T/playwright-java-3143393355779517991/package/lib/server/dispatchers/dispatcher.js:91:14)\n    at async DispatcherConnection.dispatch (/private/var/folders/1x/7z9fsbhd5ws7c4nc9s5lfqyc0000gn/T/playwright-java-3143393355779517991/package/lib/server/dispatchers/dispatcher.js:322:22)\n}\nCall log:\n-     - checking visibility of getByText(\"Тесты\")\n\n\tat com.microsoft.playwright.impl.Connection.dispatch(Connection.java:262)\n\tat com.microsoft.playwright.impl.Connection.processOneMessage(Connection.java:214)\n\tat com.microsoft.playwright.impl.ChannelOwner.runUntil(ChannelOwner.java:136)\n\t... 86 more\n"},"stage":"finished","steps":[],"attachments":[],"parameters":[],"start":1758271462387,"stop":1758271462463}],"attachments":[],"parameters":[],"start":1758271454964,"stop":1758271462766}