{"uuid":"ad72e886-d488-4fed-9683-4aa73738f86b","historyId":"4f3ffd0edcb0112cce6938e2a7b77bb5","testCaseId":"[engine:junit-jupiter]/[class:tests.managetests.CreateTestUiTests]/[method:createTest()]","testCaseName":"Create test","fullName":"tests.managetests.CreateTestUiTests.createTest","labels":[{"name":"junit.platform.uniqueid","value":"[engine:junit-jupiter]/[class:tests.managetests.CreateTestUiTests]/[method:createTest()]"},{"name":"host","value":"MacBookAir.lan"},{"name":"thread","value":"30545@MacBookAir.lan.main(1)"},{"name":"framework","value":"junit-platform"},{"name":"language","value":"java"},{"name":"package","value":"tests.managetests.CreateTestUiTests"},{"name":"testClass","value":"tests.managetests.CreateTestUiTests"},{"name":"testMethod","value":"createTest"},{"name":"suite","value":"tests.managetests.CreateTestUiTests"}],"links":[],"name":"Create test","status":"broken","statusDetails":{"known":false,"muted":false,"flaky":false,"message":"Error {\n  message='Error: strict mode violation: getByText(\"Autotest_1758285778999\") resolved to 2 elements:\n    1) <h1 class=\"text-2xl font-bold mr-4\">Autotest_1758285778999</h1> aka getByRole(AriaRole.HEADING, new Page.GetByRoleOptions().setName(\"Autotest_1758285778999\"))\n    2) <span class=\"font-medium\">Autotest_1758285778999</span> aka locator(\"span\").filter(new Locator.FilterOptions().setHasText(\"Autotest_1758285778999\"))\n\n  name='Error\n  stack='Error: Error: strict mode violation: getByText(\"Autotest_1758285778999\") resolved to 2 elements:\n    1) <h1 class=\"text-2xl font-bold mr-4\">Autotest_1758285778999</h1> aka getByRole(AriaRole.HEADING, new Page.GetByRoleOptions().setName(\"Autotest_1758285778999\"))\n    2) <span class=\"font-medium\">Autotest_1758285778999</span> aka locator(\"span\").filter(new Locator.FilterOptions().setHasText(\"Autotest_1758285778999\"))\n\n    at CRExecutionContext.evaluateWithArguments (/private/var/folders/1x/7z9fsbhd5ws7c4nc9s5lfqyc0000gn/T/playwright-java-6720026776952426690/package/lib/server/chromium/crExecutionContext.js:80:13)\n    at async LongStandingScope._race (/private/var/folders/1x/7z9fsbhd5ws7c4nc9s5lfqyc0000gn/T/playwright-java-6720026776952426690/package/lib/utils/isomorphic/manualPromise.js:94:14)\n    at async evaluateExpression (/private/var/folders/1x/7z9fsbhd5ws7c4nc9s5lfqyc0000gn/T/playwright-java-6720026776952426690/package/lib/server/javascript.js:217:12)\n    at async Frame.isVisibleInternal (/private/var/folders/1x/7z9fsbhd5ws7c4nc9s5lfqyc0000gn/T/playwright-java-6720026776952426690/package/lib/server/frames.js:1069:14)\n    at async Frame.isVisible (/private/var/folders/1x/7z9fsbhd5ws7c4nc9s5lfqyc0000gn/T/playwright-java-6720026776952426690/package/lib/server/frames.js:1062:12)\n    at async FrameDispatcher.isVisible (/private/var/folders/1x/7z9fsbhd5ws7c4nc9s5lfqyc0000gn/T/playwright-java-6720026776952426690/package/lib/server/dispatchers/frameDispatcher.js:174:21)\n    at async ProgressController.run (/private/var/folders/1x/7z9fsbhd5ws7c4nc9s5lfqyc0000gn/T/playwright-java-6720026776952426690/package/lib/server/progress.js:139:41)\n    at async FrameDispatcher._runCommand (/private/var/folders/1x/7z9fsbhd5ws7c4nc9s5lfqyc0000gn/T/playwright-java-6720026776952426690/package/lib/server/dispatchers/dispatcher.js:91:14)\n    at async DispatcherConnection.dispatch (/private/var/folders/1x/7z9fsbhd5ws7c4nc9s5lfqyc0000gn/T/playwright-java-6720026776952426690/package/lib/server/dispatchers/dispatcher.js:322:22)\n}\nCall log:\n-     - checking visibility of getByText(\"Autotest_1758285778999\")\n","trace":"com.microsoft.playwright.PlaywrightException: Error {\n  message='Error: strict mode violation: getByText(\"Autotest_1758285778999\") resolved to 2 elements:\n    1) <h1 class=\"text-2xl font-bold mr-4\">Autotest_1758285778999</h1> aka getByRole(AriaRole.HEADING, new Page.GetByRoleOptions().setName(\"Autotest_1758285778999\"))\n    2) <span class=\"font-medium\">Autotest_1758285778999</span> aka locator(\"span\").filter(new Locator.FilterOptions().setHasText(\"Autotest_1758285778999\"))\n\n  name='Error\n  stack='Error: Error: strict mode violation: getByText(\"Autotest_1758285778999\") resolved to 2 elements:\n    1) <h1 class=\"text-2xl font-bold mr-4\">Autotest_1758285778999</h1> aka getByRole(AriaRole.HEADING, new Page.GetByRoleOptions().setName(\"Autotest_1758285778999\"))\n    2) <span class=\"font-medium\">Autotest_1758285778999</span> aka locator(\"span\").filter(new Locator.FilterOptions().setHasText(\"Autotest_1758285778999\"))\n\n    at CRExecutionContext.evaluateWithArguments (/private/var/folders/1x/7z9fsbhd5ws7c4nc9s5lfqyc0000gn/T/playwright-java-6720026776952426690/package/lib/server/chromium/crExecutionContext.js:80:13)\n    at async LongStandingScope._race (/private/var/folders/1x/7z9fsbhd5ws7c4nc9s5lfqyc0000gn/T/playwright-java-6720026776952426690/package/lib/utils/isomorphic/manualPromise.js:94:14)\n    at async evaluateExpression (/private/var/folders/1x/7z9fsbhd5ws7c4nc9s5lfqyc0000gn/T/playwright-java-6720026776952426690/package/lib/server/javascript.js:217:12)\n    at async Frame.isVisibleInternal (/private/var/folders/1x/7z9fsbhd5ws7c4nc9s5lfqyc0000gn/T/playwright-java-6720026776952426690/package/lib/server/frames.js:1069:14)\n    at async Frame.isVisible (/private/var/folders/1x/7z9fsbhd5ws7c4nc9s5lfqyc0000gn/T/playwright-java-6720026776952426690/package/lib/server/frames.js:1062:12)\n    at async FrameDispatcher.isVisible (/private/var/folders/1x/7z9fsbhd5ws7c4nc9s5lfqyc0000gn/T/playwright-java-6720026776952426690/package/lib/server/dispatchers/frameDispatcher.js:174:21)\n    at async ProgressController.run (/private/var/folders/1x/7z9fsbhd5ws7c4nc9s5lfqyc0000gn/T/playwright-java-6720026776952426690/package/lib/server/progress.js:139:41)\n    at async FrameDispatcher._runCommand (/private/var/folders/1x/7z9fsbhd5ws7c4nc9s5lfqyc0000gn/T/playwright-java-6720026776952426690/package/lib/server/dispatchers/dispatcher.js:91:14)\n    at async DispatcherConnection.dispatch (/private/var/folders/1x/7z9fsbhd5ws7c4nc9s5lfqyc0000gn/T/playwright-java-6720026776952426690/package/lib/server/dispatchers/dispatcher.js:322:22)\n}\nCall log:\n-     - checking visibility of getByText(\"Autotest_1758285778999\")\n\n\tat com.microsoft.playwright.impl.WaitableResult.get(WaitableResult.java:56)\n\tat com.microsoft.playwright.impl.ChannelOwner.runUntil(ChannelOwner.java:138)\n\tat com.microsoft.playwright.impl.Connection.sendMessage(Connection.java:131)\n\tat com.microsoft.playwright.impl.ChannelOwner.sendMessage(ChannelOwner.java:124)\n\tat com.microsoft.playwright.impl.FrameImpl.isVisibleImpl(FrameImpl.java:597)\n\tat com.microsoft.playwright.impl.FrameImpl.isVisible(FrameImpl.java:583)\n\tat com.microsoft.playwright.impl.LocatorImpl.isVisible(LocatorImpl.java:426)\n\tat com.microsoft.playwright.Locator.isVisible(Locator.java:4117)\n\tat tests.managetests.CreateTestUiTests.createTest(CreateTestUiTests.java:58)\n\tat java.base/java.lang.reflect.Method.invoke(Method.java:580)\n\tat java.base/java.util.ArrayList.forEach(ArrayList.java:1596)\n\tat java.base/java.util.ArrayList.forEach(ArrayList.java:1596)\nCaused by: com.microsoft.playwright.impl.DriverException: Error {\n  message='Error: strict mode violation: getByText(\"Autotest_1758285778999\") resolved to 2 elements:\n    1) <h1 class=\"text-2xl font-bold mr-4\">Autotest_1758285778999</h1> aka getByRole(AriaRole.HEADING, new Page.GetByRoleOptions().setName(\"Autotest_1758285778999\"))\n    2) <span class=\"font-medium\">Autotest_1758285778999</span> aka locator(\"span\").filter(new Locator.FilterOptions().setHasText(\"Autotest_1758285778999\"))\n\n  name='Error\n  stack='Error: Error: strict mode violation: getByText(\"Autotest_1758285778999\") resolved to 2 elements:\n    1) <h1 class=\"text-2xl font-bold mr-4\">Autotest_1758285778999</h1> aka getByRole(AriaRole.HEADING, new Page.GetByRoleOptions().setName(\"Autotest_1758285778999\"))\n    2) <span class=\"font-medium\">Autotest_1758285778999</span> aka locator(\"span\").filter(new Locator.FilterOptions().setHasText(\"Autotest_1758285778999\"))\n\n    at CRExecutionContext.evaluateWithArguments (/private/var/folders/1x/7z9fsbhd5ws7c4nc9s5lfqyc0000gn/T/playwright-java-6720026776952426690/package/lib/server/chromium/crExecutionContext.js:80:13)\n    at async LongStandingScope._race (/private/var/folders/1x/7z9fsbhd5ws7c4nc9s5lfqyc0000gn/T/playwright-java-6720026776952426690/package/lib/utils/isomorphic/manualPromise.js:94:14)\n    at async evaluateExpression (/private/var/folders/1x/7z9fsbhd5ws7c4nc9s5lfqyc0000gn/T/playwright-java-6720026776952426690/package/lib/server/javascript.js:217:12)\n    at async Frame.isVisibleInternal (/private/var/folders/1x/7z9fsbhd5ws7c4nc9s5lfqyc0000gn/T/playwright-java-6720026776952426690/package/lib/server/frames.js:1069:14)\n    at async Frame.isVisible (/private/var/folders/1x/7z9fsbhd5ws7c4nc9s5lfqyc0000gn/T/playwright-java-6720026776952426690/package/lib/server/frames.js:1062:12)\n    at async FrameDispatcher.isVisible (/private/var/folders/1x/7z9fsbhd5ws7c4nc9s5lfqyc0000gn/T/playwright-java-6720026776952426690/package/lib/server/dispatchers/frameDispatcher.js:174:21)\n    at async ProgressController.run (/private/var/folders/1x/7z9fsbhd5ws7c4nc9s5lfqyc0000gn/T/playwright-java-6720026776952426690/package/lib/server/progress.js:139:41)\n    at async FrameDispatcher._runCommand (/private/var/folders/1x/7z9fsbhd5ws7c4nc9s5lfqyc0000gn/T/playwright-java-6720026776952426690/package/lib/server/dispatchers/dispatcher.js:91:14)\n    at async DispatcherConnection.dispatch (/private/var/folders/1x/7z9fsbhd5ws7c4nc9s5lfqyc0000gn/T/playwright-java-6720026776952426690/package/lib/server/dispatchers/dispatcher.js:322:22)\n}\nCall log:\n-     - checking visibility of getByText(\"Autotest_1758285778999\")\n\n\tat com.microsoft.playwright.impl.Connection.dispatch(Connection.java:262)\n\tat com.microsoft.playwright.impl.Connection.processOneMessage(Connection.java:214)\n\tat com.microsoft.playwright.impl.ChannelOwner.runUntil(ChannelOwner.java:136)\n\t... 10 more\n"},"stage":"finished","description":"","steps":[{"name":"Open Tests page","status":"passed","stage":"finished","steps":[],"attachments":[],"parameters":[],"start":1758285777581,"stop":1758285778266},{"name":"Verify that 'Create Test' button is visible","status":"passed","stage":"finished","steps":[],"attachments":[],"parameters":[],"start":1758285778266,"stop":1758285778325},{"name":"Click 'Create Test' button","status":"passed","stage":"finished","steps":[],"attachments":[],"parameters":[],"start":1758285778325,"stop":1758285778966},{"name":"Verify that 'Create Test' modal is visible","status":"passed","stage":"finished","steps":[],"attachments":[],"parameters":[],"start":1758285778966,"stop":1758285778999},{"name":"Enter test name: Autotest_1758285778999","status":"passed","stage":"finished","steps":[],"attachments":[],"parameters":[{"name":"testName","value":"Autotest_1758285778999"}],"start":1758285779002,"stop":1758285779546},{"name":"Submit creating test","status":"passed","stage":"finished","steps":[],"attachments":[],"parameters":[],"start":1758285779546,"stop":1758285780127}],"attachments":[],"parameters":[],"start":1758285771006,"stop":1758285780926}