{"uuid":"cb45ee2b-cc03-4c42-a2f1-43e35d1785b2","historyId":"4f3ffd0edcb0112cce6938e2a7b77bb5","testCaseId":"[engine:junit-jupiter]/[class:tests.managetests.CreateTestUiTests]/[method:createTest()]","testCaseName":"Create test","fullName":"tests.managetests.CreateTestUiTests.createTest","labels":[{"name":"junit.platform.uniqueid","value":"[engine:junit-jupiter]/[class:tests.managetests.CreateTestUiTests]/[method:createTest()]"},{"name":"host","value":"MacBookAir.lan"},{"name":"thread","value":"31296@MacBookAir.lan.main(1)"},{"name":"framework","value":"junit-platform"},{"name":"language","value":"java"},{"name":"package","value":"tests.managetests.CreateTestUiTests"},{"name":"testClass","value":"tests.managetests.CreateTestUiTests"},{"name":"testMethod","value":"createTest"},{"name":"suite","value":"tests.managetests.CreateTestUiTests"}],"links":[],"name":"Create test","status":"broken","statusDetails":{"known":false,"muted":false,"flaky":false,"message":"Error {\n  message='Error: strict mode violation: locator(\"h1\") resolved to 3 elements:\n    1) <h1 class=\"text-lg font-semibold text-neutral-800\">Skillchecker</h1> aka getByText(\"Skillchecker\").first()\n    2) <h1 class=\"text-xl font-semibold text-neutral-800\">Skillchecker</h1> aka getByRole(AriaRole.HEADING, new Page.GetByRoleOptions().setName(\"Skillchecker\"))\n    3) <h1 class=\"text-2xl font-bold mr-4\">Autotest_1758288312955</h1> aka getByRole(AriaRole.HEADING, new Page.GetByRoleOptions().setName(\"Autotest_1758288312955\"))\n\n  name='Error\n  stack='Error: Error: strict mode violation: locator(\"h1\") resolved to 3 elements:\n    1) <h1 class=\"text-lg font-semibold text-neutral-800\">Skillchecker</h1> aka getByText(\"Skillchecker\").first()\n    2) <h1 class=\"text-xl font-semibold text-neutral-800\">Skillchecker</h1> aka getByRole(AriaRole.HEADING, new Page.GetByRoleOptions().setName(\"Skillchecker\"))\n    3) <h1 class=\"text-2xl font-bold mr-4\">Autotest_1758288312955</h1> aka getByRole(AriaRole.HEADING, new Page.GetByRoleOptions().setName(\"Autotest_1758288312955\"))\n\n    at CRExecutionContext.evaluateWithArguments (/private/var/folders/1x/7z9fsbhd5ws7c4nc9s5lfqyc0000gn/T/playwright-java-5884367076731150927/package/lib/server/chromium/crExecutionContext.js:80:13)\n    at async LongStandingScope._race (/private/var/folders/1x/7z9fsbhd5ws7c4nc9s5lfqyc0000gn/T/playwright-java-5884367076731150927/package/lib/utils/isomorphic/manualPromise.js:94:14)\n    at async evaluateExpression (/private/var/folders/1x/7z9fsbhd5ws7c4nc9s5lfqyc0000gn/T/playwright-java-5884367076731150927/package/lib/server/javascript.js:217:12)\n    at async /private/var/folders/1x/7z9fsbhd5ws7c4nc9s5lfqyc0000gn/T/playwright-java-5884367076731150927/package/lib/server/frames.js:1306:39\n    at async Frame.retryWithProgressAndTimeouts (/private/var/folders/1x/7z9fsbhd5ws7c4nc9s5lfqyc0000gn/T/playwright-java-5884367076731150927/package/lib/server/frames.js:871:24)\n    at async FrameDispatcher.textContent (/private/var/folders/1x/7z9fsbhd5ws7c4nc9s5lfqyc0000gn/T/playwright-java-5884367076731150927/package/lib/server/dispatchers/frameDispatcher.js:138:19)\n    at async ProgressController.run (/private/var/folders/1x/7z9fsbhd5ws7c4nc9s5lfqyc0000gn/T/playwright-java-5884367076731150927/package/lib/server/progress.js:139:41)\n    at async FrameDispatcher._runCommand (/private/var/folders/1x/7z9fsbhd5ws7c4nc9s5lfqyc0000gn/T/playwright-java-5884367076731150927/package/lib/server/dispatchers/dispatcher.js:91:14)\n    at async DispatcherConnection.dispatch (/private/var/folders/1x/7z9fsbhd5ws7c4nc9s5lfqyc0000gn/T/playwright-java-5884367076731150927/package/lib/server/dispatchers/dispatcher.js:322:22)\n}\nCall log:\n-   - waiting for locator(\"h1\")\n","trace":"com.microsoft.playwright.PlaywrightException: Error {\n  message='Error: strict mode violation: locator(\"h1\") resolved to 3 elements:\n    1) <h1 class=\"text-lg font-semibold text-neutral-800\">Skillchecker</h1> aka getByText(\"Skillchecker\").first()\n    2) <h1 class=\"text-xl font-semibold text-neutral-800\">Skillchecker</h1> aka getByRole(AriaRole.HEADING, new Page.GetByRoleOptions().setName(\"Skillchecker\"))\n    3) <h1 class=\"text-2xl font-bold mr-4\">Autotest_1758288312955</h1> aka getByRole(AriaRole.HEADING, new Page.GetByRoleOptions().setName(\"Autotest_1758288312955\"))\n\n  name='Error\n  stack='Error: Error: strict mode violation: locator(\"h1\") resolved to 3 elements:\n    1) <h1 class=\"text-lg font-semibold text-neutral-800\">Skillchecker</h1> aka getByText(\"Skillchecker\").first()\n    2) <h1 class=\"text-xl font-semibold text-neutral-800\">Skillchecker</h1> aka getByRole(AriaRole.HEADING, new Page.GetByRoleOptions().setName(\"Skillchecker\"))\n    3) <h1 class=\"text-2xl font-bold mr-4\">Autotest_1758288312955</h1> aka getByRole(AriaRole.HEADING, new Page.GetByRoleOptions().setName(\"Autotest_1758288312955\"))\n\n    at CRExecutionContext.evaluateWithArguments (/private/var/folders/1x/7z9fsbhd5ws7c4nc9s5lfqyc0000gn/T/playwright-java-5884367076731150927/package/lib/server/chromium/crExecutionContext.js:80:13)\n    at async LongStandingScope._race (/private/var/folders/1x/7z9fsbhd5ws7c4nc9s5lfqyc0000gn/T/playwright-java-5884367076731150927/package/lib/utils/isomorphic/manualPromise.js:94:14)\n    at async evaluateExpression (/private/var/folders/1x/7z9fsbhd5ws7c4nc9s5lfqyc0000gn/T/playwright-java-5884367076731150927/package/lib/server/javascript.js:217:12)\n    at async /private/var/folders/1x/7z9fsbhd5ws7c4nc9s5lfqyc0000gn/T/playwright-java-5884367076731150927/package/lib/server/frames.js:1306:39\n    at async Frame.retryWithProgressAndTimeouts (/private/var/folders/1x/7z9fsbhd5ws7c4nc9s5lfqyc0000gn/T/playwright-java-5884367076731150927/package/lib/server/frames.js:871:24)\n    at async FrameDispatcher.textContent (/private/var/folders/1x/7z9fsbhd5ws7c4nc9s5lfqyc0000gn/T/playwright-java-5884367076731150927/package/lib/server/dispatchers/frameDispatcher.js:138:19)\n    at async ProgressController.run (/private/var/folders/1x/7z9fsbhd5ws7c4nc9s5lfqyc0000gn/T/playwright-java-5884367076731150927/package/lib/server/progress.js:139:41)\n    at async FrameDispatcher._runCommand (/private/var/folders/1x/7z9fsbhd5ws7c4nc9s5lfqyc0000gn/T/playwright-java-5884367076731150927/package/lib/server/dispatchers/dispatcher.js:91:14)\n    at async DispatcherConnection.dispatch (/private/var/folders/1x/7z9fsbhd5ws7c4nc9s5lfqyc0000gn/T/playwright-java-5884367076731150927/package/lib/server/dispatchers/dispatcher.js:322:22)\n}\nCall log:\n-   - waiting for locator(\"h1\")\n\n\tat com.microsoft.playwright.impl.WaitableResult.get(WaitableResult.java:56)\n\tat com.microsoft.playwright.impl.ChannelOwner.runUntil(ChannelOwner.java:138)\n\tat com.microsoft.playwright.impl.Connection.sendMessage(Connection.java:131)\n\tat com.microsoft.playwright.impl.ChannelOwner.sendMessage(ChannelOwner.java:124)\n\tat com.microsoft.playwright.impl.FrameImpl.textContent(FrameImpl.java:763)\n\tat com.microsoft.playwright.impl.LocatorImpl.textContent(LocatorImpl.java:601)\n\tat com.microsoft.playwright.Locator.textContent(Locator.java:5311)\n\tat pages.TestsPage.verifyCreatedTestHeader(TestsPage.java:120)\n\tat tests.managetests.CreateTestUiTests.createTest(CreateTestUiTests.java:55)\n\tat java.base/java.lang.reflect.Method.invoke(Method.java:580)\n\tat java.base/java.util.ArrayList.forEach(ArrayList.java:1596)\n\tat java.base/java.util.ArrayList.forEach(ArrayList.java:1596)\nCaused by: com.microsoft.playwright.impl.DriverException: Error {\n  message='Error: strict mode violation: locator(\"h1\") resolved to 3 elements:\n    1) <h1 class=\"text-lg font-semibold text-neutral-800\">Skillchecker</h1> aka getByText(\"Skillchecker\").first()\n    2) <h1 class=\"text-xl font-semibold text-neutral-800\">Skillchecker</h1> aka getByRole(AriaRole.HEADING, new Page.GetByRoleOptions().setName(\"Skillchecker\"))\n    3) <h1 class=\"text-2xl font-bold mr-4\">Autotest_1758288312955</h1> aka getByRole(AriaRole.HEADING, new Page.GetByRoleOptions().setName(\"Autotest_1758288312955\"))\n\n  name='Error\n  stack='Error: Error: strict mode violation: locator(\"h1\") resolved to 3 elements:\n    1) <h1 class=\"text-lg font-semibold text-neutral-800\">Skillchecker</h1> aka getByText(\"Skillchecker\").first()\n    2) <h1 class=\"text-xl font-semibold text-neutral-800\">Skillchecker</h1> aka getByRole(AriaRole.HEADING, new Page.GetByRoleOptions().setName(\"Skillchecker\"))\n    3) <h1 class=\"text-2xl font-bold mr-4\">Autotest_1758288312955</h1> aka getByRole(AriaRole.HEADING, new Page.GetByRoleOptions().setName(\"Autotest_1758288312955\"))\n\n    at CRExecutionContext.evaluateWithArguments (/private/var/folders/1x/7z9fsbhd5ws7c4nc9s5lfqyc0000gn/T/playwright-java-5884367076731150927/package/lib/server/chromium/crExecutionContext.js:80:13)\n    at async LongStandingScope._race (/private/var/folders/1x/7z9fsbhd5ws7c4nc9s5lfqyc0000gn/T/playwright-java-5884367076731150927/package/lib/utils/isomorphic/manualPromise.js:94:14)\n    at async evaluateExpression (/private/var/folders/1x/7z9fsbhd5ws7c4nc9s5lfqyc0000gn/T/playwright-java-5884367076731150927/package/lib/server/javascript.js:217:12)\n    at async /private/var/folders/1x/7z9fsbhd5ws7c4nc9s5lfqyc0000gn/T/playwright-java-5884367076731150927/package/lib/server/frames.js:1306:39\n    at async Frame.retryWithProgressAndTimeouts (/private/var/folders/1x/7z9fsbhd5ws7c4nc9s5lfqyc0000gn/T/playwright-java-5884367076731150927/package/lib/server/frames.js:871:24)\n    at async FrameDispatcher.textContent (/private/var/folders/1x/7z9fsbhd5ws7c4nc9s5lfqyc0000gn/T/playwright-java-5884367076731150927/package/lib/server/dispatchers/frameDispatcher.js:138:19)\n    at async ProgressController.run (/private/var/folders/1x/7z9fsbhd5ws7c4nc9s5lfqyc0000gn/T/playwright-java-5884367076731150927/package/lib/server/progress.js:139:41)\n    at async FrameDispatcher._runCommand (/private/var/folders/1x/7z9fsbhd5ws7c4nc9s5lfqyc0000gn/T/playwright-java-5884367076731150927/package/lib/server/dispatchers/dispatcher.js:91:14)\n    at async DispatcherConnection.dispatch (/private/var/folders/1x/7z9fsbhd5ws7c4nc9s5lfqyc0000gn/T/playwright-java-5884367076731150927/package/lib/server/dispatchers/dispatcher.js:322:22)\n}\nCall log:\n-   - waiting for locator(\"h1\")\n\n\tat com.microsoft.playwright.impl.Connection.dispatch(Connection.java:262)\n\tat com.microsoft.playwright.impl.Connection.processOneMessage(Connection.java:214)\n\tat com.microsoft.playwright.impl.ChannelOwner.runUntil(ChannelOwner.java:136)\n\t... 10 more\n"},"stage":"finished","description":"","steps":[{"name":"Click 'Create Test' button","status":"passed","stage":"finished","steps":[],"attachments":[],"parameters":[],"start":1758288312387,"stop":1758288312932},{"name":"Verify that 'Create Test' modal is visible","status":"passed","stage":"finished","steps":[],"attachments":[],"parameters":[],"start":1758288312933,"stop":1758288312955},{"name":"Enter test name: Autotest_1758288312955","status":"passed","stage":"finished","steps":[],"attachments":[],"parameters":[{"name":"testName","value":"Autotest_1758288312955"}],"start":1758288312960,"stop":1758288313476},{"name":"Enter test description: Autogenerated description","status":"passed","stage":"finished","steps":[],"attachments":[],"parameters":[{"name":"description","value":"Autogenerated description"}],"start":1758288313477,"stop":1758288314001},{"name":"Submit creating test","status":"passed","stage":"finished","steps":[],"attachments":[],"parameters":[],"start":1758288314002,"stop":1758288314559},{"name":"Verify created test header equals Autotest_1758288312955","status":"broken","statusDetails":{"known":false,"muted":false,"flaky":false,"message":"Error {\n  message='Error: strict mode violation: locator(\"h1\") resolved to 3 elements:\n    1) <h1 class=\"text-lg font-semibold text-neutral-800\">Skillchecker</h1> aka getByText(\"Skillchecker\").first()\n    2) <h1 class=\"text-xl font-semibold text-neutral-800\">Skillchecker</h1> aka getByRole(AriaRole.HEADING, new Page.GetByRoleOptions().setName(\"Skillchecker\"))\n    3) <h1 class=\"text-2xl font-bold mr-4\">Autotest_1758288312955</h1> aka getByRole(AriaRole.HEADING, new Page.GetByRoleOptions().setName(\"Autotest_1758288312955\"))\n\n  name='Error\n  stack='Error: Error: strict mode violation: locator(\"h1\") resolved to 3 elements:\n    1) <h1 class=\"text-lg font-semibold text-neutral-800\">Skillchecker</h1> aka getByText(\"Skillchecker\").first()\n    2) <h1 class=\"text-xl font-semibold text-neutral-800\">Skillchecker</h1> aka getByRole(AriaRole.HEADING, new Page.GetByRoleOptions().setName(\"Skillchecker\"))\n    3) <h1 class=\"text-2xl font-bold mr-4\">Autotest_1758288312955</h1> aka getByRole(AriaRole.HEADING, new Page.GetByRoleOptions().setName(\"Autotest_1758288312955\"))\n\n    at CRExecutionContext.evaluateWithArguments (/private/var/folders/1x/7z9fsbhd5ws7c4nc9s5lfqyc0000gn/T/playwright-java-5884367076731150927/package/lib/server/chromium/crExecutionContext.js:80:13)\n    at async LongStandingScope._race (/private/var/folders/1x/7z9fsbhd5ws7c4nc9s5lfqyc0000gn/T/playwright-java-5884367076731150927/package/lib/utils/isomorphic/manualPromise.js:94:14)\n    at async evaluateExpression (/private/var/folders/1x/7z9fsbhd5ws7c4nc9s5lfqyc0000gn/T/playwright-java-5884367076731150927/package/lib/server/javascript.js:217:12)\n    at async /private/var/folders/1x/7z9fsbhd5ws7c4nc9s5lfqyc0000gn/T/playwright-java-5884367076731150927/package/lib/server/frames.js:1306:39\n    at async Frame.retryWithProgressAndTimeouts (/private/var/folders/1x/7z9fsbhd5ws7c4nc9s5lfqyc0000gn/T/playwright-java-5884367076731150927/package/lib/server/frames.js:871:24)\n    at async FrameDispatcher.textContent (/private/var/folders/1x/7z9fsbhd5ws7c4nc9s5lfqyc0000gn/T/playwright-java-5884367076731150927/package/lib/server/dispatchers/frameDispatcher.js:138:19)\n    at async ProgressController.run (/private/var/folders/1x/7z9fsbhd5ws7c4nc9s5lfqyc0000gn/T/playwright-java-5884367076731150927/package/lib/server/progress.js:139:41)\n    at async FrameDispatcher._runCommand (/private/var/folders/1x/7z9fsbhd5ws7c4nc9s5lfqyc0000gn/T/playwright-java-5884367076731150927/package/lib/server/dispatchers/dispatcher.js:91:14)\n    at async DispatcherConnection.dispatch (/private/var/folders/1x/7z9fsbhd5ws7c4nc9s5lfqyc0000gn/T/playwright-java-5884367076731150927/package/lib/server/dispatchers/dispatcher.js:322:22)\n}\nCall log:\n-   - waiting for locator(\"h1\")\n","trace":"com.microsoft.playwright.PlaywrightException: Error {\n  message='Error: strict mode violation: locator(\"h1\") resolved to 3 elements:\n    1) <h1 class=\"text-lg font-semibold text-neutral-800\">Skillchecker</h1> aka getByText(\"Skillchecker\").first()\n    2) <h1 class=\"text-xl font-semibold text-neutral-800\">Skillchecker</h1> aka getByRole(AriaRole.HEADING, new Page.GetByRoleOptions().setName(\"Skillchecker\"))\n    3) <h1 class=\"text-2xl font-bold mr-4\">Autotest_1758288312955</h1> aka getByRole(AriaRole.HEADING, new Page.GetByRoleOptions().setName(\"Autotest_1758288312955\"))\n\n  name='Error\n  stack='Error: Error: strict mode violation: locator(\"h1\") resolved to 3 elements:\n    1) <h1 class=\"text-lg font-semibold text-neutral-800\">Skillchecker</h1> aka getByText(\"Skillchecker\").first()\n    2) <h1 class=\"text-xl font-semibold text-neutral-800\">Skillchecker</h1> aka getByRole(AriaRole.HEADING, new Page.GetByRoleOptions().setName(\"Skillchecker\"))\n    3) <h1 class=\"text-2xl font-bold mr-4\">Autotest_1758288312955</h1> aka getByRole(AriaRole.HEADING, new Page.GetByRoleOptions().setName(\"Autotest_1758288312955\"))\n\n    at CRExecutionContext.evaluateWithArguments (/private/var/folders/1x/7z9fsbhd5ws7c4nc9s5lfqyc0000gn/T/playwright-java-5884367076731150927/package/lib/server/chromium/crExecutionContext.js:80:13)\n    at async LongStandingScope._race (/private/var/folders/1x/7z9fsbhd5ws7c4nc9s5lfqyc0000gn/T/playwright-java-5884367076731150927/package/lib/utils/isomorphic/manualPromise.js:94:14)\n    at async evaluateExpression (/private/var/folders/1x/7z9fsbhd5ws7c4nc9s5lfqyc0000gn/T/playwright-java-5884367076731150927/package/lib/server/javascript.js:217:12)\n    at async /private/var/folders/1x/7z9fsbhd5ws7c4nc9s5lfqyc0000gn/T/playwright-java-5884367076731150927/package/lib/server/frames.js:1306:39\n    at async Frame.retryWithProgressAndTimeouts (/private/var/folders/1x/7z9fsbhd5ws7c4nc9s5lfqyc0000gn/T/playwright-java-5884367076731150927/package/lib/server/frames.js:871:24)\n    at async FrameDispatcher.textContent (/private/var/folders/1x/7z9fsbhd5ws7c4nc9s5lfqyc0000gn/T/playwright-java-5884367076731150927/package/lib/server/dispatchers/frameDispatcher.js:138:19)\n    at async ProgressController.run (/private/var/folders/1x/7z9fsbhd5ws7c4nc9s5lfqyc0000gn/T/playwright-java-5884367076731150927/package/lib/server/progress.js:139:41)\n    at async FrameDispatcher._runCommand (/private/var/folders/1x/7z9fsbhd5ws7c4nc9s5lfqyc0000gn/T/playwright-java-5884367076731150927/package/lib/server/dispatchers/dispatcher.js:91:14)\n    at async DispatcherConnection.dispatch (/private/var/folders/1x/7z9fsbhd5ws7c4nc9s5lfqyc0000gn/T/playwright-java-5884367076731150927/package/lib/server/dispatchers/dispatcher.js:322:22)\n}\nCall log:\n-   - waiting for locator(\"h1\")\n\n\tat com.microsoft.playwright.impl.WaitableResult.get(WaitableResult.java:56)\n\tat com.microsoft.playwright.impl.ChannelOwner.runUntil(ChannelOwner.java:138)\n\tat com.microsoft.playwright.impl.Connection.sendMessage(Connection.java:131)\n\tat com.microsoft.playwright.impl.ChannelOwner.sendMessage(ChannelOwner.java:124)\n\tat com.microsoft.playwright.impl.FrameImpl.textContent(FrameImpl.java:763)\n\tat com.microsoft.playwright.impl.LocatorImpl.textContent(LocatorImpl.java:601)\n\tat com.microsoft.playwright.Locator.textContent(Locator.java:5311)\n\tat pages.TestsPage.verifyCreatedTestHeader(TestsPage.java:120)\n\tat tests.managetests.CreateTestUiTests.createTest(CreateTestUiTests.java:55)\n\tat java.base/jdk.internal.reflect.DirectMethodHandleAccessor.invoke(DirectMethodHandleAccessor.java:103)\n\tat java.base/java.lang.reflect.Method.invoke(Method.java:580)\n\tat org.junit.platform.commons.util.ReflectionUtils.invokeMethod(ReflectionUtils.java:787)\n\tat org.junit.platform.commons.support.ReflectionSupport.invokeMethod(ReflectionSupport.java:478)\n\tat org.junit.jupiter.engine.execution.MethodInvocation.proceed(MethodInvocation.java:60)\n\tat org.junit.jupiter.engine.execution.InvocationInterceptorChain$ValidatingInvocation.proceed(InvocationInterceptorChain.java:131)\n\tat org.junit.jupiter.api.extension.InvocationInterceptor.interceptTestMethod(InvocationInterceptor.java:129)\n\tat org.junit.jupiter.engine.execution.InterceptingExecutableInvoker$ReflectiveInterceptorCall.lambda$ofVoidMethod$0(InterceptingExecutableInvoker.java:112)\n\tat org.junit.jupiter.engine.execution.InterceptingExecutableInvoker.lambda$invoke$0(InterceptingExecutableInvoker.java:94)\n\tat org.junit.jupiter.engine.execution.InvocationInterceptorChain$InterceptedInvocation.proceed(InvocationInterceptorChain.java:106)\n\tat org.junit.jupiter.engine.extension.TimeoutExtension.intercept(TimeoutExtension.java:161)\n\tat org.junit.jupiter.engine.extension.TimeoutExtension.interceptTestableMethod(TimeoutExtension.java:152)\n\tat org.junit.jupiter.engine.extension.TimeoutExtension.interceptTestMethod(TimeoutExtension.java:91)\n\tat org.junit.jupiter.engine.execution.InterceptingExecutableInvoker$ReflectiveInterceptorCall.lambda$ofVoidMethod$0(InterceptingExecutableInvoker.java:112)\n\tat org.junit.jupiter.engine.execution.InterceptingExecutableInvoker.lambda$invoke$0(InterceptingExecutableInvoker.java:94)\n\tat org.junit.jupiter.engine.execution.InvocationInterceptorChain$InterceptedInvocation.proceed(InvocationInterceptorChain.java:106)\n\tat org.junit.jupiter.engine.execution.InvocationInterceptorChain.proceed(InvocationInterceptorChain.java:64)\n\tat org.junit.jupiter.engine.execution.InvocationInterceptorChain.chainAndInvoke(InvocationInterceptorChain.java:45)\n\tat org.junit.jupiter.engine.execution.InvocationInterceptorChain.invoke(InvocationInterceptorChain.java:37)\n\tat org.junit.jupiter.engine.execution.InterceptingExecutableInvoker.invoke(InterceptingExecutableInvoker.java:93)\n\tat org.junit.jupiter.engine.execution.InterceptingExecutableInvoker.invoke(InterceptingExecutableInvoker.java:87)\n\tat org.junit.jupiter.engine.descriptor.TestMethodTestDescriptor.lambda$invokeTestMethod$4(TestMethodTestDescriptor.java:221)\n\tat org.junit.platform.engine.support.hierarchical.ThrowableCollector.execute(ThrowableCollector.java:73)\n\tat org.junit.jupiter.engine.descriptor.TestMethodTestDescriptor.invokeTestMethod(TestMethodTestDescriptor.java:217)\n\tat org.junit.jupiter.engine.descriptor.TestMethodTestDescriptor.execute(TestMethodTestDescriptor.java:159)\n\tat org.junit.jupiter.engine.descriptor.TestMethodTestDescriptor.execute(TestMethodTestDescriptor.java:70)\n\tat org.junit.platform.engine.support.hierarchical.NodeTestTask.lambda$executeRecursively$6(NodeTestTask.java:157)\n\tat org.junit.platform.engine.support.hierarchical.ThrowableCollector.execute(ThrowableCollector.java:73)\n\tat org.junit.platform.engine.support.hierarchical.NodeTestTask.lambda$executeRecursively$8(NodeTestTask.java:147)\n\tat org.junit.platform.engine.support.hierarchical.Node.around(Node.java:137)\n\tat org.junit.platform.engine.support.hierarchical.NodeTestTask.lambda$executeRecursively$9(NodeTestTask.java:145)\n\tat org.junit.platform.engine.support.hierarchical.ThrowableCollector.execute(ThrowableCollector.java:73)\n\tat org.junit.platform.engine.support.hierarchical.NodeTestTask.executeRecursively(NodeTestTask.java:144)\n\tat org.junit.platform.engine.support.hierarchical.NodeTestTask.execute(NodeTestTask.java:101)\n\tat java.base/java.util.ArrayList.forEach(ArrayList.java:1596)\n\tat org.junit.platform.engine.support.hierarchical.SameThreadHierarchicalTestExecutorService.invokeAll(SameThreadHierarchicalTestExecutorService.java:41)\n\tat org.junit.platform.engine.support.hierarchical.NodeTestTask.lambda$executeRecursively$6(NodeTestTask.java:161)\n\tat org.junit.platform.engine.support.hierarchical.ThrowableCollector.execute(ThrowableCollector.java:73)\n\tat org.junit.platform.engine.support.hierarchical.NodeTestTask.lambda$executeRecursively$8(NodeTestTask.java:147)\n\tat org.junit.platform.engine.support.hierarchical.Node.around(Node.java:137)\n\tat org.junit.platform.engine.support.hierarchical.NodeTestTask.lambda$executeRecursively$9(NodeTestTask.java:145)\n\tat org.junit.platform.engine.support.hierarchical.ThrowableCollector.execute(ThrowableCollector.java:73)\n\tat org.junit.platform.engine.support.hierarchical.NodeTestTask.executeRecursively(NodeTestTask.java:144)\n\tat org.junit.platform.engine.support.hierarchical.NodeTestTask.execute(NodeTestTask.java:101)\n\tat java.base/java.util.ArrayList.forEach(ArrayList.java:1596)\n\tat org.junit.platform.engine.support.hierarchical.SameThreadHierarchicalTestExecutorService.invokeAll(SameThreadHierarchicalTestExecutorService.java:41)\n\tat org.junit.platform.engine.support.hierarchical.NodeTestTask.lambda$executeRecursively$6(NodeTestTask.java:161)\n\tat org.junit.platform.engine.support.hierarchical.ThrowableCollector.execute(ThrowableCollector.java:73)\n\tat org.junit.platform.engine.support.hierarchical.NodeTestTask.lambda$executeRecursively$8(NodeTestTask.java:147)\n\tat org.junit.platform.engine.support.hierarchical.Node.around(Node.java:137)\n\tat org.junit.platform.engine.support.hierarchical.NodeTestTask.lambda$executeRecursively$9(NodeTestTask.java:145)\n\tat org.junit.platform.engine.support.hierarchical.ThrowableCollector.execute(ThrowableCollector.java:73)\n\tat org.junit.platform.engine.support.hierarchical.NodeTestTask.executeRecursively(NodeTestTask.java:144)\n\tat org.junit.platform.engine.support.hierarchical.NodeTestTask.execute(NodeTestTask.java:101)\n\tat org.junit.platform.engine.support.hierarchical.SameThreadHierarchicalTestExecutorService.submit(SameThreadHierarchicalTestExecutorService.java:35)\n\tat org.junit.platform.engine.support.hierarchical.HierarchicalTestExecutor.execute(HierarchicalTestExecutor.java:57)\n\tat org.junit.platform.engine.support.hierarchical.HierarchicalTestEngine.execute(HierarchicalTestEngine.java:54)\n\tat org.junit.platform.launcher.core.EngineExecutionOrchestrator.executeEngine(EngineExecutionOrchestrator.java:230)\n\tat org.junit.platform.launcher.core.EngineExecutionOrchestrator.failOrExecuteEngine(EngineExecutionOrchestrator.java:204)\n\tat org.junit.platform.launcher.core.EngineExecutionOrchestrator.execute(EngineExecutionOrchestrator.java:172)\n\tat org.junit.platform.launcher.core.EngineExecutionOrchestrator.execute(EngineExecutionOrchestrator.java:101)\n\tat org.junit.platform.launcher.core.EngineExecutionOrchestrator.lambda$execute$0(EngineExecutionOrchestrator.java:64)\n\tat org.junit.platform.launcher.core.EngineExecutionOrchestrator.withInterceptedStreams(EngineExecutionOrchestrator.java:150)\n\tat org.junit.platform.launcher.core.EngineExecutionOrchestrator.execute(EngineExecutionOrchestrator.java:63)\n\tat org.junit.platform.launcher.core.DefaultLauncher.execute(DefaultLauncher.java:109)\n\tat org.junit.platform.launcher.core.DefaultLauncher.execute(DefaultLauncher.java:91)\n\tat org.junit.platform.launcher.core.DelegatingLauncher.execute(DelegatingLauncher.java:47)\n\tat org.junit.platform.launcher.core.InterceptingLauncher.lambda$execute$1(InterceptingLauncher.java:39)\n\tat org.junit.platform.launcher.core.ClasspathAlignmentCheckingLauncherInterceptor.intercept(ClasspathAlignmentCheckingLauncherInterceptor.java:25)\n\tat org.junit.platform.launcher.core.InterceptingLauncher.execute(InterceptingLauncher.java:38)\n\tat org.junit.platform.launcher.core.DelegatingLauncher.execute(DelegatingLauncher.java:47)\n\tat org.junit.platform.launcher.core.SessionPerRequestLauncher.execute(SessionPerRequestLauncher.java:66)\n\tat com.intellij.junit5.JUnit5IdeaTestRunner.startRunnerWithArgs(JUnit5IdeaTestRunner.java:66)\n\tat com.intellij.rt.junit.IdeaTestRunner$Repeater$1.execute(IdeaTestRunner.java:38)\n\tat com.intellij.rt.execution.junit.TestsRepeater.repeat(TestsRepeater.java:11)\n\tat com.intellij.rt.junit.IdeaTestRunner$Repeater.startRunnerWithArgs(IdeaTestRunner.java:35)\n\tat com.intellij.rt.junit.JUnitStarter.prepareStreamsAndStart(JUnitStarter.java:231)\n\tat com.intellij.rt.junit.JUnitStarter.main(JUnitStarter.java:55)\nCaused by: com.microsoft.playwright.impl.DriverException: Error {\n  message='Error: strict mode violation: locator(\"h1\") resolved to 3 elements:\n    1) <h1 class=\"text-lg font-semibold text-neutral-800\">Skillchecker</h1> aka getByText(\"Skillchecker\").first()\n    2) <h1 class=\"text-xl font-semibold text-neutral-800\">Skillchecker</h1> aka getByRole(AriaRole.HEADING, new Page.GetByRoleOptions().setName(\"Skillchecker\"))\n    3) <h1 class=\"text-2xl font-bold mr-4\">Autotest_1758288312955</h1> aka getByRole(AriaRole.HEADING, new Page.GetByRoleOptions().setName(\"Autotest_1758288312955\"))\n\n  name='Error\n  stack='Error: Error: strict mode violation: locator(\"h1\") resolved to 3 elements:\n    1) <h1 class=\"text-lg font-semibold text-neutral-800\">Skillchecker</h1> aka getByText(\"Skillchecker\").first()\n    2) <h1 class=\"text-xl font-semibold text-neutral-800\">Skillchecker</h1> aka getByRole(AriaRole.HEADING, new Page.GetByRoleOptions().setName(\"Skillchecker\"))\n    3) <h1 class=\"text-2xl font-bold mr-4\">Autotest_1758288312955</h1> aka getByRole(AriaRole.HEADING, new Page.GetByRoleOptions().setName(\"Autotest_1758288312955\"))\n\n    at CRExecutionContext.evaluateWithArguments (/private/var/folders/1x/7z9fsbhd5ws7c4nc9s5lfqyc0000gn/T/playwright-java-5884367076731150927/package/lib/server/chromium/crExecutionContext.js:80:13)\n    at async LongStandingScope._race (/private/var/folders/1x/7z9fsbhd5ws7c4nc9s5lfqyc0000gn/T/playwright-java-5884367076731150927/package/lib/utils/isomorphic/manualPromise.js:94:14)\n    at async evaluateExpression (/private/var/folders/1x/7z9fsbhd5ws7c4nc9s5lfqyc0000gn/T/playwright-java-5884367076731150927/package/lib/server/javascript.js:217:12)\n    at async /private/var/folders/1x/7z9fsbhd5ws7c4nc9s5lfqyc0000gn/T/playwright-java-5884367076731150927/package/lib/server/frames.js:1306:39\n    at async Frame.retryWithProgressAndTimeouts (/private/var/folders/1x/7z9fsbhd5ws7c4nc9s5lfqyc0000gn/T/playwright-java-5884367076731150927/package/lib/server/frames.js:871:24)\n    at async FrameDispatcher.textContent (/private/var/folders/1x/7z9fsbhd5ws7c4nc9s5lfqyc0000gn/T/playwright-java-5884367076731150927/package/lib/server/dispatchers/frameDispatcher.js:138:19)\n    at async ProgressController.run (/private/var/folders/1x/7z9fsbhd5ws7c4nc9s5lfqyc0000gn/T/playwright-java-5884367076731150927/package/lib/server/progress.js:139:41)\n    at async FrameDispatcher._runCommand (/private/var/folders/1x/7z9fsbhd5ws7c4nc9s5lfqyc0000gn/T/playwright-java-5884367076731150927/package/lib/server/dispatchers/dispatcher.js:91:14)\n    at async DispatcherConnection.dispatch (/private/var/folders/1x/7z9fsbhd5ws7c4nc9s5lfqyc0000gn/T/playwright-java-5884367076731150927/package/lib/server/dispatchers/dispatcher.js:322:22)\n}\nCall log:\n-   - waiting for locator(\"h1\")\n\n\tat com.microsoft.playwright.impl.Connection.dispatch(Connection.java:262)\n\tat com.microsoft.playwright.impl.Connection.processOneMessage(Connection.java:214)\n\tat com.microsoft.playwright.impl.ChannelOwner.runUntil(ChannelOwner.java:136)\n\t... 85 more\n"},"stage":"finished","steps":[],"attachments":[],"parameters":[{"name":"expectedName","value":"Autotest_1758288312955"}],"start":1758288314560,"stop":1758288314594}],"attachments":[],"parameters":[],"start":1758288303595,"stop":1758288315086}